2022-12-01 21:30:57 [INFO] Starting minecraft server version 1.5.2
2022-12-01 21:30:57 [WARNING] To start the server with more ram, launch it as "java -Xmx1024M -Xms1024M -jar minecraft_server.jar"
2022-12-01 21:30:57 [INFO] Loading properties
2022-12-01 21:30:57 [INFO] Default game type: SURVIVAL
2022-12-01 21:30:57 [INFO] Generating keypair
2022-12-01 21:30:57 [INFO] Starting Minecraft server on 127.0.0.1:25569
2022-12-01 21:30:58 [INFO] This server is running CraftBukkit version git-Bukkit-1.5.2-R1.0-b2788jnks (MC: 1.5.2) (Implementing API version 1.5.2-R1.0)
2022-12-01 21:30:59 [INFO] [[EaglerPluginInstaller]] Loading EaglerPluginInstaller v1.1.4
2022-12-01 21:30:59 [INFO] [AutoSaver] Loading AutoSaver v2.5
2022-12-01 21:30:59 [INFO] [[EaglerPluginUpdater]] Loading EaglerPluginUpdater v1.1.2
2022-12-01 21:30:59 [WARNING] **** SERVER IS RUNNING IN OFFLINE/INSECURE MODE!
2022-12-01 21:30:59 [WARNING] The server will make no attempt to authenticate usernames. Beware.
2022-12-01 21:30:59 [WARNING] While this makes the game possible to play without internet access, it also opens up the ability for hackers to connect with any username they choose.
2022-12-01 21:30:59 [WARNING] To change this, set "online-mode" to "true" in the server.properties file.
2022-12-01 21:30:59 [SEVERE] Exception in thread "Thread-6" 
2022-12-01 21:30:59 [SEVERE] org.bukkit.craftbukkit.libs.com.google.gson.JsonSyntaxException: java.lang.IllegalStateException: Expected BEGIN_OBJECT but was STRING at line 1 column 7
2022-12-01 21:30:59 [SEVERE] 	at org.bukkit.craftbukkit.libs.com.google.gson.internal.bind.ReflectiveTypeAdapterFactory$Adapter.read(ReflectiveTypeAdapterFactory.java:180)
2022-12-01 21:30:59 [SEVERE] 	at org.bukkit.craftbukkit.libs.com.google.gson.Gson.fromJson(Gson.java:755)
2022-12-01 21:30:59 [SEVERE] 	at org.bukkit.craftbukkit.libs.com.google.gson.Gson.fromJson(Gson.java:694)
2022-12-01 21:30:59 [SEVERE] 	at org.bukkit.craftbukkit.v1_5_R3.updater.BukkitDLUpdaterService.fetchArtifact(BukkitDLUpdaterService.java:51)
2022-12-01 21:30:59 [SEVERE] 	at org.bukkit.craftbukkit.v1_5_R3.updater.BukkitDLUpdaterService.getArtifact(BukkitDLUpdaterService.java:28)
2022-12-01 21:30:59 [SEVERE] 	at org.bukkit.craftbukkit.v1_5_R3.updater.AutoUpdater$1.run(AutoUpdater.java:77)
2022-12-01 21:30:59 [SEVERE] Caused by: java.lang.IllegalStateException: Expected BEGIN_OBJECT but was STRING at line 1 column 7
2022-12-01 21:30:59 [SEVERE] 	at org.bukkit.craftbukkit.libs.com.google.gson.stream.JsonReader.expect(JsonReader.java:339)
2022-12-01 21:30:59 [SEVERE] 	at org.bukkit.craftbukkit.libs.com.google.gson.stream.JsonReader.beginObject(JsonReader.java:322)
2022-12-01 21:30:59 [SEVERE] 	at org.bukkit.craftbukkit.libs.com.google.gson.internal.bind.ReflectiveTypeAdapterFactory$Adapter.read(ReflectiveTypeAdapterFactory.java:168)
2022-12-01 21:30:59 [SEVERE] 	... 5 more
2022-12-01 21:30:59 [INFO] Preparing level "world"
2022-12-01 21:31:00 [INFO] Preparing start region for level 0 (Seed: 5643890288447442891)
2022-12-01 21:31:01 [INFO] Preparing spawn area: 0%
2022-12-01 21:31:02 [INFO] Preparing spawn area: 4%
2022-12-01 21:31:03 [INFO] Preparing spawn area: 4%
2022-12-01 21:31:05 [INFO] Preparing spawn area: 8%
2022-12-01 21:31:06 [INFO] Preparing spawn area: 12%
2022-12-01 21:31:07 [INFO] Preparing spawn area: 12%
2022-12-01 21:31:08 [INFO] Preparing spawn area: 16%
2022-12-01 21:31:09 [INFO] Preparing spawn area: 20%
2022-12-01 21:31:10 [INFO] Preparing spawn area: 25%
2022-12-01 21:31:11 [INFO] Preparing spawn area: 29%
2022-12-01 21:31:12 [INFO] Preparing spawn area: 33%
2022-12-01 21:31:13 [INFO] Preparing spawn area: 37%
2022-12-01 21:31:14 [INFO] Preparing spawn area: 45%
2022-12-01 21:31:15 [INFO] Preparing spawn area: 49%
2022-12-01 21:31:16 [INFO] Preparing spawn area: 54%
2022-12-01 21:31:17 [INFO] Preparing spawn area: 58%
2022-12-01 21:31:18 [INFO] Preparing spawn area: 66%
2022-12-01 21:31:19 [INFO] Preparing spawn area: 70%
2022-12-01 21:31:20 [INFO] Preparing spawn area: 74%
2022-12-01 21:31:21 [INFO] Preparing spawn area: 83%
2022-12-01 21:31:22 [INFO] Preparing spawn area: 87%
2022-12-01 21:31:23 [INFO] Preparing spawn area: 91%
2022-12-01 21:31:24 [INFO] Preparing spawn area: 95%
2022-12-01 21:31:25 [INFO] Preparing start region for level 1 (Seed: 5643890288447442891)
2022-12-01 21:31:25 [INFO] Preparing spawn area: 0%
2022-12-01 21:31:26 [INFO] Preparing spawn area: 4%
2022-12-01 21:31:28 [INFO] Preparing spawn area: 8%
2022-12-01 21:31:29 [INFO] Preparing spawn area: 16%
2022-12-01 21:31:30 [INFO] Preparing spawn area: 20%
2022-12-01 21:31:31 [INFO] Preparing spawn area: 25%
2022-12-01 21:31:32 [INFO] Preparing spawn area: 33%
2022-12-01 21:31:33 [INFO] Preparing spawn area: 41%
2022-12-01 21:31:34 [INFO] Preparing spawn area: 45%
2022-12-01 21:31:35 [INFO] Preparing spawn area: 49%
2022-12-01 21:31:36 [INFO] Preparing spawn area: 62%
2022-12-01 21:31:37 [INFO] Preparing spawn area: 74%
2022-12-01 21:31:38 [INFO] Preparing spawn area: 83%
2022-12-01 21:31:39 [INFO] Preparing spawn area: 95%
2022-12-01 21:31:40 [INFO] Preparing start region for level 2 (Seed: 5643890288447442891)
2022-12-01 21:31:40 [INFO] Preparing spawn area: 0%
2022-12-01 21:31:41 [INFO] Preparing spawn area: 16%
2022-12-01 21:31:42 [INFO] Preparing spawn area: 29%
2022-12-01 21:31:43 [INFO] Preparing spawn area: 49%
2022-12-01 21:31:44 [INFO] Preparing spawn area: 58%
2022-12-01 21:31:45 [INFO] Preparing spawn area: 83%
2022-12-01 21:31:46 [INFO] [[EaglerPluginInstaller]] Enabling EaglerPluginInstaller v1.1.4
2022-12-01 21:31:46 [INFO] Check 1 passed
2022-12-01 21:31:48 [INFO] Check 3 passed
2022-12-01 21:31:49 [INFO] --------------------------------------------[m
2022-12-01 21:31:49 [INFO] --------------------------------------------[m
2022-12-01 21:31:49 [INFO] [0;32;1m[EaglerPluginInstaller][0;36;1m EaglerPluginInstaller V1.1.5 is now Enabled! :D[m
2022-12-01 21:31:49 [INFO] To use PluginInstaller, run the command "/install <pluginname>" ("install <pluginname>" in console) to install a plugin[m
2022-12-01 21:31:49 [INFO] To get a list of installable plugins, use the command "/plist" or "plist" in console[m
2022-12-01 21:31:49 [INFO] You can request to add a new plugin to the database by going to https://github.com/darverdevs/PluginInstallerRepo/tree/main[m
2022-12-01 21:31:49 [INFO] and creating an issue or pull request of the plugin you want to add[m
2022-12-01 21:31:49 [INFO] --------------------------------------------[m
2022-12-01 21:31:49 [INFO] --------------------------------------------[m
2022-12-01 21:31:49 [INFO] [AutoSaver] Enabling AutoSaver v2.5
2022-12-01 21:31:49 [INFO] [AutoSaver] [32m is enabled. [0m
2022-12-01 21:31:49 [INFO] [[EaglerPluginUpdater]] Enabling EaglerPluginUpdater v1.1.2
2022-12-01 21:31:49 [INFO] [[EaglerPluginInstaller]] Disabling EaglerPluginInstaller v1.1.4
2022-12-01 21:31:49 [INFO] --------------------------------------------[m
2022-12-01 21:31:49 [INFO] --------------------------------------------[m
2022-12-01 21:31:49 [INFO] [0;32;1m[EaglerPluginInstaller][0;36;1m PluginInstaller V1.1.5 is now Disabled! D:[m
2022-12-01 21:31:49 [INFO] --------------------------------------------[m
2022-12-01 21:31:49 [INFO] --------------------------------------------[m
2022-12-01 21:31:49 [INFO] [[EaglerPluginInstaller]] Enabling EaglerPluginInstaller v1.1.4
2022-12-01 21:31:49 [INFO] Check 1 passed
2022-12-01 21:31:49 [INFO] Check 3 passed
2022-12-01 21:31:49 [INFO] --------------------------------------------[m
2022-12-01 21:31:49 [INFO] --------------------------------------------[m
2022-12-01 21:31:49 [INFO] [0;32;1m[EaglerPluginInstaller][0;36;1m EaglerPluginInstaller V1.1.5 is now Enabled! :D[m
2022-12-01 21:31:49 [INFO] To use PluginInstaller, run the command "/install <pluginname>" ("install <pluginname>" in console) to install a plugin[m
2022-12-01 21:31:49 [INFO] To get a list of installable plugins, use the command "/plist" or "plist" in console[m
2022-12-01 21:31:49 [INFO] You can request to add a new plugin to the database by going to https://github.com/darverdevs/PluginInstallerRepo/tree/main[m
2022-12-01 21:31:49 [INFO] and creating an issue or pull request of the plugin you want to add[m
2022-12-01 21:31:49 [INFO] --------------------------------------------[m
2022-12-01 21:31:49 [INFO] --------------------------------------------[m
2022-12-01 21:31:49 [INFO] --------------------------------------------[m
2022-12-01 21:31:49 [INFO] --------------------------------------------[m
2022-12-01 21:31:49 [INFO] [0;32;1m[EaglerPluginUpdater][0;36;1m EaglerPluginUpdater V1.1.2 is now Enabled! :D[m
2022-12-01 21:31:49 [INFO] You do not need to do anything, this plugin will automatically update your PluginUpdater on startup[m
2022-12-01 21:31:49 [INFO] --------------------------------------------[m
2022-12-01 21:31:49 [INFO] --------------------------------------------[m
2022-12-01 21:31:49 [INFO] Server permissions file permissions.yml is empty, ignoring it
2022-12-01 21:31:49 [INFO] Done (50.321s)! For help, type "help" or "?"
2022-12-01 21:31:49 [INFO] Crash Loop Detector is Running! (30sec)
2022-12-01 21:31:49 [INFO] To increase, add "--crashTimeout [sec]" to the program's arguments
2022-12-01 21:31:54 [WARNING] Can't keep up! Did the system time change, or is the server overloaded?
2022-12-01 21:32:09 [WARNING] Can't keep up! Did the system time change, or is the server overloaded?
2022-12-01 21:34:10 [INFO] Stopping server
